app/build/outputs/logs/manifest-merger-debug-report.txt
-- Merging decision tree log ---
manifest
ADDED from src/main/AndroidManifest.xml:2:1-75:12
INJECTED from src/main/AndroidManifest.xml:2:1-75:12
INJECTED from src/main/AndroidManifest.xml:2:1-75:12
INJECTED from src/main/AndroidManifest.xml:2:1-75:12
MERGED from [com.android.support:support-fragment:27.1.1] AndroidManifest.xml:17:1-22:12
MERGED from [:mhealthdroidlib] AndroidManifest.xml:2:1-28:12
MERGED from [com.android.support:support-core-ui:27.1.1] AndroidManifest.xml:17:1-22:12
MERGED from [com.android.support:support-core-utils:27.1.1] AndroidManifest.xml:17:1-22:12
MERGED from [com.android.support:support-compat:27.1.1] AndroidManifest.xml:17:1-22:12
MERGED from [android.arch.lifecycle:livedata-core:1.1.0] AndroidManifest.xml:17:1-22:12
MERGED from [android.arch.lifecycle:viewmodel:1.1.0] AndroidManifest.xml:17:1-22:12
MERGED from [android.arch.lifecycle:runtime:1.1.0] AndroidManifest.xml:17:1-22:12
MERGED from [android.arch.core:runtime:1.1.0] AndroidManifest.xml:17:1-22:12
INJECTED from src/main/AndroidManifest.xml:2:1-75:12
INJECTED from src/main/AndroidManifest.xml:2:1-75:12
INJECTED from src/main/AndroidManifest.xml:2:1-75:12
	package
		ADDED from src/main/AndroidManifest.xml:3:5-41
		INJECTED from src/main/AndroidManifest.xml
		INJECTED from src/main/AndroidManifest.xml
	android:versionName
		ADDED from src/main/AndroidManifest.xml:6:5-30
		INJECTED from src/main/AndroidManifest.xml
		INJECTED from src/main/AndroidManifest.xml
	xmlns:tools
		ADDED from src/main/AndroidManifest.xml:4:5-51
	xmlns:android
		ADDED from src/main/AndroidManifest.xml:2:11-69
	android:versionCode
		ADDED from src/main/AndroidManifest.xml:5:5-28
		INJECTED from src/main/AndroidManifest.xml
		INJECTED from src/main/AndroidManifest.xml
uses-sdk
ADDED from src/main/AndroidManifest.xml:8:5-10:41
INJECTED from src/main/AndroidManifest.xml:8:5-10:41
INJECTED from src/main/AndroidManifest.xml:8:5-10:41
MERGED from [com.android.support:support-fragment:27.1.1] AndroidManifest.xml:20:5-44
MERGED from [com.android.support:support-fragment:27.1.1] AndroidManifest.xml:20:5-44
MERGED from [:mhealthdroidlib] AndroidManifest.xml:7:5-9:41
MERGED from [:mhealthdroidlib] AndroidManifest.xml:7:5-9:41
MERGED from [com.android.support:support-core-ui:27.1.1] AndroidManifest.xml:20:5-44
MERGED from [com.android.support:support-core-ui:27.1.1] AndroidManifest.xml:20:5-44
MERGED from [com.android.support:support-core-utils:27.1.1] AndroidManifest.xml:20:5-44
MERGED from [com.android.support:support-core-utils:27.1.1] AndroidManifest.xml:20:5-44
MERGED from [com.android.support:support-compat:27.1.1] AndroidManifest.xml:20:5-44
MERGED from [com.android.support:support-compat:27.1.1] AndroidManifest.xml:20:5-44
MERGED from [android.arch.lifecycle:livedata-core:1.1.0] AndroidManifest.xml:20:5-44
MERGED from [android.arch.lifecycle:livedata-core:1.1.0] AndroidManifest.xml:20:5-44
MERGED from [android.arch.lifecycle:viewmodel:1.1.0] AndroidManifest.xml:20:5-44
MERGED from [android.arch.lifecycle:viewmodel:1.1.0] AndroidManifest.xml:20:5-44
MERGED from [android.arch.lifecycle:runtime:1.1.0] AndroidManifest.xml:20:5-44
MERGED from [android.arch.lifecycle:runtime:1.1.0] AndroidManifest.xml:20:5-44
MERGED from [android.arch.core:runtime:1.1.0] AndroidManifest.xml:20:5-44
MERGED from [android.arch.core:runtime:1.1.0] AndroidManifest.xml:20:5-44
INJECTED from src/main/AndroidManifest.xml:8:5-10:41
INJECTED from src/main/AndroidManifest.xml:8:5-10:41
	android:targetSdkVersion
		ADDED from src/main/AndroidManifest.xml:10:9-38
		INJECTED from src/main/AndroidManifest.xml
		INJECTED from src/main/AndroidManifest.xml
	android:minSdkVersion
		ADDED from src/main/AndroidManifest.xml:9:9-35
		INJECTED from src/main/AndroidManifest.xml
		INJECTED from src/main/AndroidManifest.xml
uses-permission#android.permission.BLUETOOTH_ADMIN
ADDED from src/main/AndroidManifest.xml:12:5-90
MERGED from [:mhealthdroidlib] AndroidManifest.xml:11:5-74
MERGED from [:mhealthdroidlib] AndroidManifest.xml:11:5-74
	android:name
		ADDED from src/main/AndroidManifest.xml:12:22-71
uses-permission#android.permission.BLUETOOTH
ADDED from src/main/AndroidManifest.xml:13:2-81
MERGED from [:mhealthdroidlib] AndroidManifest.xml:12:5-68
MERGED from [:mhealthdroidlib] AndroidManifest.xml:12:5-68
	android:name
		ADDED from src/main/AndroidManifest.xml:13:19-62
uses-permission#android.permission.WRITE_EXTERNAL_STORAGE
ADDED from src/main/AndroidManifest.xml:14:2-78
MERGED from [:mhealthdroidlib] AndroidManifest.xml:13:5-81
MERGED from [:mhealthdroidlib] AndroidManifest.xml:13:5-81
	android:name
		ADDED from src/main/AndroidManifest.xml:14:19-75
uses-permission#android.permission.ACCESS_WIFI_STATE
ADDED from src/main/AndroidManifest.xml:15:2-72
MERGED from [:mhealthdroidlib] AndroidManifest.xml:14:5-76
MERGED from [:mhealthdroidlib] AndroidManifest.xml:14:5-76
	android:name
		ADDED from src/main/AndroidManifest.xml:15:19-70
uses-permission#android.permission.CHANGE_WIFI_STATE
ADDED from src/main/AndroidManifest.xml:16:2-72
MERGED from [:mhealthdroidlib] AndroidManifest.xml:15:5-76
MERGED from [:mhealthdroidlib] AndroidManifest.xml:15:5-76
	android:name
		ADDED from src/main/AndroidManifest.xml:16:19-70
uses-permission#android.permission.INTERNET
ADDED from src/main/AndroidManifest.xml:17:2-63
MERGED from [:mhealthdroidlib] AndroidManifest.xml:16:5-67
MERGED from [:mhealthdroidlib] AndroidManifest.xml:16:5-67
	android:name
		ADDED from src/main/AndroidManifest.xml:17:19-61
uses-permission#android.permission.CALL_PHONE
ADDED from src/main/AndroidManifest.xml:18:2-65
MERGED from [:mhealthdroidlib] AndroidManifest.xml:17:5-69
MERGED from [:mhealthdroidlib] AndroidManifest.xml:17:5-69
	android:name
		ADDED from src/main/AndroidManifest.xml:18:19-63
uses-permission#android.permission.SEND_SMS
ADDED from src/main/AndroidManifest.xml:19:2-63
MERGED from [:mhealthdroidlib] AndroidManifest.xml:18:5-67
MERGED from [:mhealthdroidlib] AndroidManifest.xml:18:5-67
	android:name
		ADDED from src/main/AndroidManifest.xml:19:19-61
application
ADDED from src/main/AndroidManifest.xml:21:5-73:19
MERGED from [:mhealthdroidlib] AndroidManifest.xml:20:5-26:19
MERGED from [:mhealthdroidlib] AndroidManifest.xml:20:5-26:19
	android:label
		ADDED from src/main/AndroidManifest.xml:24:9-41
	android:icon
		ADDED from src/main/AndroidManifest.xml:23:9-38
		REJECTED from [:mhealthdroidlib] AndroidManifest.xml:22:9-45
	android:allowBackup
		ADDED from src/main/AndroidManifest.xml:22:9-35
	android:theme
		ADDED from src/main/AndroidManifest.xml:26:9-40
	tools:replace
		ADDED from src/main/AndroidManifest.xml:25:9-37
activity#com.mHealthDroid.mhealthapp.MainActivity
ADDED from src/main/AndroidManifest.xml:28:9-36:20
	android:label
		ADDED from src/main/AndroidManifest.xml:30:13-45
	android:name
		ADDED from src/main/AndroidManifest.xml:29:13-68
intent-filter#action:name:android.intent.action.MAIN+category:name:android.intent.category.LAUNCHER
ADDED from src/main/AndroidManifest.xml:31:13-35:29
action#android.intent.action.MAIN
ADDED from src/main/AndroidManifest.xml:32:17-69
	android:name
		ADDED from src/main/AndroidManifest.xml:32:25-66
category#android.intent.category.LAUNCHER
ADDED from src/main/AndroidManifest.xml:34:17-77
	android:name
		ADDED from src/main/AndroidManifest.xml:34:27-74
activity#com.mHealthDroid.mhealthapp.DeviceListActivity
ADDED from src/main/AndroidManifest.xml:37:10-40:21
	android:label
		ADDED from src/main/AndroidManifest.xml:38:19-56
	android:theme
		ADDED from src/main/AndroidManifest.xml:39:20-74
	android:name
		ADDED from src/main/AndroidManifest.xml:37:20-81
activity#com.mHealthDroid.mhealthapp.TypeDeviceActivity
ADDED from src/main/AndroidManifest.xml:41:10-44:21
	android:label
		ADDED from src/main/AndroidManifest.xml:42:19-61
	android:theme
		ADDED from src/main/AndroidManifest.xml:43:19-73
	android:name
		ADDED from src/main/AndroidManifest.xml:41:20-81
activity#com.mHealthDroid.mhealthapp.DeviceMenuActivity
ADDED from src/main/AndroidManifest.xml:45:10-48:21
	android:label
		ADDED from src/main/AndroidManifest.xml:46:19-60
	android:theme
		ADDED from src/main/AndroidManifest.xml:47:20-74
	android:name
		ADDED from src/main/AndroidManifest.xml:45:20-81
activity#com.mHealthDroid.mhealthapp.ConfirmationActivity
ADDED from src/main/AndroidManifest.xml:49:10-52:21
	android:label
		ADDED from src/main/AndroidManifest.xml:50:19-61
	android:theme
		ADDED from src/main/AndroidManifest.xml:51:19-73
	android:name
		ADDED from src/main/AndroidManifest.xml:49:20-83
activity#com.mHealthDroid.mhealthapp.SensorListActivity
ADDED from src/main/AndroidManifest.xml:53:10-56:21
	android:label
		ADDED from src/main/AndroidManifest.xml:54:19-60
	android:theme
		ADDED from src/main/AndroidManifest.xml:55:20-74
	android:name
		ADDED from src/main/AndroidManifest.xml:53:20-81
activity#com.mHealthDroid.mhealthapp.DeviceConfigurationActivity
ADDED from src/main/AndroidManifest.xml:57:10-60:21
	android:label
		ADDED from src/main/AndroidManifest.xml:58:19-62
	android:theme
		ADDED from src/main/AndroidManifest.xml:59:20-74
	android:name
		ADDED from src/main/AndroidManifest.xml:57:20-90
activity#com.mHealthDroid.mhealthapp.GraphConfigurationActivity
ADDED from src/main/AndroidManifest.xml:61:10-64:21
	android:label
		ADDED from src/main/AndroidManifest.xml:62:19-62
	android:theme
		ADDED from src/main/AndroidManifest.xml:63:20-74
	android:name
		ADDED from src/main/AndroidManifest.xml:61:20-89
activity#com.mHealthDroid.mhealthapp.StartVisualizationActivity
ADDED from src/main/AndroidManifest.xml:65:10-68:21
	android:label
		ADDED from src/main/AndroidManifest.xml:66:19-57
	android:theme
		ADDED from src/main/AndroidManifest.xml:67:20-74
	android:name
		ADDED from src/main/AndroidManifest.xml:65:20-89
receiver#systemManager.services.ScheduledTask
ADDED from src/main/AndroidManifest.xml:72:10-73
MERGED from [:mhealthdroidlib] AndroidManifest.xml:25:9-73
MERGED from [:mhealthdroidlib] AndroidManifest.xml:25:9-73
	android:name
		ADDED from src/main/AndroidManifest.xml:72:20-71